<?xml version="1.0" encoding="UTF-8"?>
<testng-results skipped="0" failed="0" ignored="0" total="1" passed="1">
  <reporter-output>
  </reporter-output>
  <suite name="Suite" duration-ms="505" started-at="2021-12-23T04:27:26 UTC" finished-at="2021-12-23T04:27:27 UTC">
    <groups>
      <group name="cucumber">
        <method signature="AbstractTestNGCucumberTests.runScenario(io.cucumber.testng.PickleWrapper,io.cucumber.testng.FeatureWrapper)[pri:0, instance:com.swiggy.testscripts.TestRunner@7133da86]" name="runScenario" class="io.cucumber.testng.AbstractTestNGCucumberTests"/>
      </group> <!-- cucumber -->
    </groups>
    <test name="Test" duration-ms="505" started-at="2021-12-23T04:27:26 UTC" finished-at="2021-12-23T04:27:27 UTC">
      <class name="com.swiggy.testscripts.TestRunner">
        <test-method status="PASS" signature="setUpClass(org.testng.ITestContext)[pri:0, instance:com.swiggy.testscripts.TestRunner@7133da86]" name="setUpClass" is-config="true" duration-ms="256" started-at="2021-12-23T04:27:26 UTC" finished-at="2021-12-23T04:27:27 UTC">
          <params>
            <param index="0">
              <value>
                <![CDATA[org.testng.TestRunner@165b8a71]]>
              </value>
            </param>
          </params>
          <reporter-output>
          </reporter-output>
        </test-method> <!-- setUpClass -->
        <test-method status="PASS" signature="runScenario(io.cucumber.testng.PickleWrapper,io.cucumber.testng.FeatureWrapper)[pri:0, instance:com.swiggy.testscripts.TestRunner@7133da86]" name="runScenario" duration-ms="184" started-at="2021-12-23T04:27:27 UTC" description="Runs Cucumber Scenarios" data-provider="scenarios" finished-at="2021-12-23T04:27:27 UTC">
          <params>
            <param index="0">
              <value>
                <![CDATA["Order Pizza From Swiggy"]]>
              </value>
            </param>
            <param index="1">
              <value>
                <![CDATA["Optional[a user should be able to order Pizza from Swiggy]"]]>
              </value>
            </param>
          </params>
          <reporter-output>
          </reporter-output>
        </test-method> <!-- runScenario -->
        <test-method status="PASS" signature="tearDownClass()[pri:0, instance:com.swiggy.testscripts.TestRunner@7133da86]" name="tearDownClass" is-config="true" duration-ms="9" started-at="2021-12-23T04:27:27 UTC" finished-at="2021-12-23T04:27:27 UTC">
          <reporter-output>
          </reporter-output>
        </test-method> <!-- tearDownClass -->
      </class> <!-- com.swiggy.testscripts.TestRunner -->
    </test> <!-- Test -->
  </suite> <!-- Suite -->
</testng-results>
